
=== Sun Jun 15 16:44:47 2025

Packages were changed.
Update Mode: mergeDefaultDependencies

The following packages were added:
  com.unity.modules.ai@1.0.0
  com.unity.modules.androidjni@1.0.0
  com.unity.modules.animation@1.0.0
  com.unity.modules.assetbundle@1.0.0
  com.unity.modules.audio@1.0.0
  com.unity.modules.cloth@1.0.0
  com.unity.modules.director@1.0.0
  com.unity.modules.imageconversion@1.0.0
  com.unity.modules.imgui@1.0.0
  com.unity.modules.jsonserialize@1.0.0
  com.unity.modules.particlesystem@1.0.0
  com.unity.modules.physics@1.0.0
  com.unity.modules.physics2d@1.0.0
  com.unity.modules.screencapture@1.0.0
  com.unity.modules.terrain@1.0.0
  com.unity.modules.terrainphysics@1.0.0
  com.unity.modules.tilemap@1.0.0
  com.unity.modules.ui@1.0.0
  com.unity.modules.uielements@1.0.0
  com.unity.modules.umbra@1.0.0
  com.unity.modules.unityanalytics@1.0.0
  com.unity.modules.unitywebrequest@1.0.0
  com.unity.modules.unitywebrequestassetbundle@1.0.0
  com.unity.modules.unitywebrequestaudio@1.0.0
  com.unity.modules.unitywebrequesttexture@1.0.0
  com.unity.modules.unitywebrequestwww@1.0.0
  com.unity.modules.vehicles@1.0.0
  com.unity.modules.video@1.0.0
  com.unity.modules.vr@1.0.0
  com.unity.modules.wind@1.0.0
  com.unity.modules.xr@1.0.0
  com.unity.modules.accessibility@1.0.0
  com.unity.multiplayer.center@1.0.0
The following packages were updated:
  com.unity.collab-proxy from version 2.6.0 to 2.7.1
  com.unity.inputsystem from version 1.11.2 to 1.13.1
  com.unity.render-pipelines.universal from version 17.0.3 to 17.0.4
  com.unity.test-framework from version 1.4.5 to 1.4.6

=== Sat Jul 12 17:44:13 2025

Packages were changed.
Update Mode: updateDependencies

The following packages were updated:
  com.unity.2d.animation from version 7.1.1 to 10.1.4

=== Sat Jul 12 17:44:13 2025

Packages were changed.
Update Mode: mergeDefaultDependencies

The following packages were added:
  com.unity.2d.animation@10.1.4
  com.unity.nuget.newtonsoft-json@3.2.1

=== Fri Jul 25 13:14:56 2025

Packages were changed.
Update Mode: updateDependencies

The following packages were added:
  com.unity.2d.sprite@1.0.0
  com.unity.2d.tilemap@1.0.0
  com.unity.ads@4.4.2
  com.unity.analytics@3.8.1
  com.unity.purchasing@4.12.2
  com.unity.xr.legacyinputhelpers@2.1.12

=== Mon Jul 28 20:16:37 2025

Packages were changed.
Update Mode: updateDependencies

The following packages were updated:
  com.unity.render-pipelines.core from version 12.1.6 to 17.0.4

=== Mon Jul 28 20:16:37 2025

Packages were changed.
Update Mode: mergeDefaultDependencies

The following packages were added:
  com.unity.render-pipelines.core@17.0.4
